[1] "full"                      "high"                     
[3] "low"                       "medium"                   
[5] "not affected"              "Please select sensitivity"
[7] "random"                   
[1] "./IBCgrassGUI 2 90 100 0 10 5 100 5 Fieldedge.txt ./HerbFact.txt 5 0.1 0.01 1 0 0 0 1"
socket cluster with 4 nodes on host ‘localhost’
Warnmeldungen:
1: In e$fun(obj, substitute(ex), parent.frame(), e$data) :
  already exporting variable(s): PFTfile, PFTsensitivity, PFTfileName, EffectModel, ModelVersion, belowres, abres, abampl, Tmax, InitDuration, GridSize, SeedInput, HerbDuration, tramp, graz, cut
2: In rm(PFT, diversity_Inds) : Objekt 'PFT' nicht gefunden
3: In rm(PFT, diversity_Inds) : Objekt 'diversity_Inds' nicht gefunden
4: In rm(GRD) : Objekt 'GRD' nicht gefunden
# kann svglite nicht installieren ubuntu 16.04
# output:
Installing package into ‘/usr/local/lib/R/site-library’
(as ‘lib’ is unspecified)
also installing the dependencies ‘curl’, ‘openssl’, ‘httr’, ‘gdtools’, ‘xml2’, ‘covr’

versuche URL 'http://cran.us.r-project.org/src/contrib/curl_3.3.tar.gz'
Content type 'application/x-gzip' length 371740 bytes (363 KB)
==================================================
downloaded 363 KB

versuche URL 'http://cran.us.r-project.org/src/contrib/openssl_1.2.1.tar.gz'
Content type 'application/x-gzip' length 1198080 bytes (1.1 MB)
==================================================
downloaded 1.1 MB

versuche URL 'http://cran.us.r-project.org/src/contrib/httr_1.4.0.tar.gz'
Content type 'application/x-gzip' length 156356 bytes (152 KB)
==================================================
downloaded 152 KB

versuche URL 'http://cran.us.r-project.org/src/contrib/gdtools_0.1.7.tar.gz'
Content type 'application/x-gzip' length 35268 bytes (34 KB)
==================================================
downloaded 34 KB

versuche URL 'http://cran.us.r-project.org/src/contrib/xml2_1.2.0.tar.gz'
Content type 'application/x-gzip' length 251614 bytes (245 KB)
==================================================
downloaded 245 KB

versuche URL 'http://cran.us.r-project.org/src/contrib/covr_3.2.1.tar.gz'
Content type 'application/x-gzip' length 140046 bytes (136 KB)
==================================================
downloaded 136 KB

versuche URL 'http://cran.us.r-project.org/src/contrib/svglite_1.2.1.tar.gz'
Content type 'application/x-gzip' length 41315 bytes (40 KB)
==================================================
downloaded 40 KB

* installing *source* package ‘curl’ ...
** Paket ‘curl’ erfolgreich entpackt und MD5 Summen überprüft
Package libcurl was not found in the pkg-config search path.
Perhaps you should add the directory containing `libcurl.pc'
to the PKG_CONFIG_PATH environment variable
No package 'libcurl' found
Package libcurl was not found in the pkg-config search path.
Perhaps you should add the directory containing `libcurl.pc'
to the PKG_CONFIG_PATH environment variable
No package 'libcurl' found
Using PKG_CFLAGS=
Using PKG_LIBS=-lcurl
------------------------- ANTICONF ERROR ---------------------------
Configuration failed because libcurl was not found. Try installing:
 * deb: libcurl4-openssl-dev (Debian, Ubuntu, etc)
 * rpm: libcurl-devel (Fedora, CentOS, RHEL)
 * csw: libcurl_dev (Solaris)
If libcurl is already installed, check that 'pkg-config' is in your
PATH and PKG_CONFIG_PATH contains a libcurl.pc file. If pkg-config
is unavailable you can set INCLUDE_DIR and LIB_DIR manually via:
R CMD INSTALL --configure-vars='INCLUDE_DIR=... LIB_DIR=...'
--------------------------------------------------------------------
ERROR: configuration failed for package ‘curl’
* removing ‘/usr/local/lib/R/site-library/curl’
* installing *source* package ‘openssl’ ...
** Paket ‘openssl’ erfolgreich entpackt und MD5 Summen überprüft
Using PKG_CFLAGS=
------------------------- ANTICONF ERROR ---------------------------
Configuration failed because openssl was not found. Try installing:
 * deb: libssl-dev (Debian, Ubuntu, etc)
 * rpm: openssl-devel (Fedora, CentOS, RHEL)
 * csw: libssl_dev (Solaris)
 * brew: openssl@1.1 (Mac OSX)
If openssl is already installed, check that 'pkg-config' is in your
PATH and PKG_CONFIG_PATH contains a openssl.pc file. If pkg-config
is unavailable you can set INCLUDE_DIR and LIB_DIR manually via:
R CMD INSTALL --configure-vars='INCLUDE_DIR=... LIB_DIR=...'
--------------------------------------------------------------------
ERROR: configuration failed for package ‘openssl’
* removing ‘/usr/local/lib/R/site-library/openssl’
* installing *source* package ‘gdtools’ ...
** Paket ‘gdtools’ erfolgreich entpackt und MD5 Summen überprüft
Package cairo was not found in the pkg-config search path.
Perhaps you should add the directory containing `cairo.pc'
to the PKG_CONFIG_PATH environment variable
No package 'cairo' found
Using PKG_CFLAGS=
Using PKG_LIBS=-lcairo
------------------------- ANTICONF ERROR ---------------------------
Configuration failed because cairo was not found. Try installing:
 * deb: libcairo2-dev (Debian, Ubuntu)
 * rpm: cairo-devel (Fedora, CentOS, RHEL)
 * csw: libcairo_dev (Solaris)
 * brew: cairo (OSX)
If cairo is already installed, check that 'pkg-config' is in your
PATH and PKG_CONFIG_PATH contains a cairo.pc file. If pkg-config
is unavailable you can set INCLUDE_DIR and LIB_DIR manually via:
R CMD INSTALL --configure-vars='INCLUDE_DIR=... LIB_DIR=...'
--------------------------------------------------------------------
ERROR: configuration failed for package ‘gdtools’
* removing ‘/usr/local/lib/R/site-library/gdtools’
* installing *source* package ‘xml2’ ...
** Paket ‘xml2’ erfolgreich entpackt und MD5 Summen überprüft
Package libxml-2.0 was not found in the pkg-config search path.
Perhaps you should add the directory containing `libxml-2.0.pc'
to the PKG_CONFIG_PATH environment variable
No package 'libxml-2.0' found
Package libxml-2.0 was not found in the pkg-config search path.
Perhaps you should add the directory containing `libxml-2.0.pc'
to the PKG_CONFIG_PATH environment variable
No package 'libxml-2.0' found
Using PKG_CFLAGS=
Using PKG_LIBS=-lxml2
------------------------- ANTICONF ERROR ---------------------------
Configuration failed because libxml-2.0 was not found. Try installing:
 * deb: libxml2-dev (Debian, Ubuntu, etc)
 * rpm: libxml2-devel (Fedora, CentOS, RHEL)
 * csw: libxml2_dev (Solaris)
If libxml-2.0 is already installed, check that 'pkg-config' is in your
PATH and PKG_CONFIG_PATH contains a libxml-2.0.pc file. If pkg-config
is unavailable you can set INCLUDE_DIR and LIB_DIR manually via:
R CMD INSTALL --configure-vars='INCLUDE_DIR=... LIB_DIR=...'
--------------------------------------------------------------------
ERROR: configuration failed for package ‘xml2’
* removing ‘/usr/local/lib/R/site-library/xml2’
ERROR: dependencies ‘curl’, ‘openssl’ are not available for package ‘httr’
* removing ‘/usr/local/lib/R/site-library/httr’
ERROR: dependency ‘gdtools’ is not available for package ‘svglite’
* removing ‘/usr/local/lib/R/site-library/svglite’
ERROR: dependency ‘httr’ is not available for package ‘covr’
* removing ‘/usr/local/lib/R/site-library/covr’

Die heruntergeladenen Quellpakete sind in 
	‘/tmp/RtmpG6fPSg/downloaded_packages’
Warnmeldungen:
1: In install.packages("svglite", repos = "http://cran.us.r-project.org",  :
  Installation des Pakets ‘curl’ hatte Exit-Status ungleich 0
2: In install.packages("svglite", repos = "http://cran.us.r-project.org",  :
  Installation des Pakets ‘openssl’ hatte Exit-Status ungleich 0
3: In install.packages("svglite", repos = "http://cran.us.r-project.org",  :
  Installation des Pakets ‘gdtools’ hatte Exit-Status ungleich 0
4: In install.packages("svglite", repos = "http://cran.us.r-project.org",  :
  Installation des Pakets ‘xml2’ hatte Exit-Status ungleich 0
5: In install.packages("svglite", repos = "http://cran.us.r-project.org",  :
  Installation des Pakets ‘httr’ hatte Exit-Status ungleich 0
6: In install.packages("svglite", repos = "http://cran.us.r-project.org",  :
  Installation des Pakets ‘svglite’ hatte Exit-Status ungleich 0
7: In install.packages("svglite", repos = "http://cran.us.r-project.org",  :
  Installation des Pakets ‘covr’ hatte Exit-Status ungleich 0
Lade nötiges Paket: RGtk2
Lade nötiges Paket: RGtk2Extras
Lade nötiges Paket: methods
Lade nötiges Paket: data.table
Lade nötiges Paket: reshape2

Attache Paket: ‘reshape2’

Die folgenden Objekte sind maskiert von ‘package:data.table’:

    dcast, melt

Lade nötiges Paket: ggplot2
Lade nötiges Paket: ggthemes
Lade nötiges Paket: svglite
Warnmeldung:
In library(package, lib.loc = lib.loc, character.only = TRUE, logical.return = TRUE,  :
  es gibt kein Paket namens ‘svglite’
Lade nötiges Paket: foreach
Lade nötiges Paket: doParallel
Lade nötiges Paket: iterators
Lade nötiges Paket: parallel

